{"total": {"lines":{"total":173,"covered":169,"skipped":0,"pct":97.68},"statements":{"total":173,"covered":169,"skipped":0,"pct":97.68},"functions":{"total":11,"covered":11,"skipped":0,"pct":100},"branches":{"total":27,"covered":25,"skipped":0,"pct":92.59},"branchesTrue":{"total":0,"covered":0,"skipped":0,"pct":100}}
,"/home/user/tpDevops/math.js": {"lines":{"total":9,"covered":9,"skipped":0,"pct":100},"functions":{"total":1,"covered":1,"skipped":0,"pct":100},"statements":{"total":9,"covered":9,"skipped":0,"pct":100},"branches":{"total":1,"covered":1,"skipped":0,"pct":100}}
,"/home/user/tpDevops/timer.js": {"lines":{"total":10,"covered":10,"skipped":0,"pct":100},"functions":{"total":1,"covered":1,"skipped":0,"pct":100},"statements":{"total":10,"covered":10,"skipped":0,"pct":100},"branches":{"total":2,"covered":2,"skipped":0,"pct":100}}
,"/home/user/tpDevops/user.js": {"lines":{"total":23,"covered":23,"skipped":0,"pct":100},"functions":{"total":2,"covered":2,"skipped":0,"pct":100},"statements":{"total":23,"covered":23,"skipped":0,"pct":100},"branches":{"total":2,"covered":2,"skipped":0,"pct":100}}
,"/home/user/tpDevops/userService.js": {"lines":{"total":26,"covered":26,"skipped":0,"pct":100},"functions":{"total":2,"covered":2,"skipped":0,"pct":100},"statements":{"total":26,"covered":26,"skipped":0,"pct":100},"branches":{"total":2,"covered":2,"skipped":0,"pct":100}}
,"/home/user/tpDevops/tp1/index.js": {"lines":{"total":25,"covered":25,"skipped":0,"pct":100},"functions":{"total":1,"covered":1,"skipped":0,"pct":100},"statements":{"total":25,"covered":25,"skipped":0,"pct":100},"branches":{"total":5,"covered":5,"skipped":0,"pct":100}}
,"/home/user/tpDevops/tp1/saver.js": {"lines":{"total":80,"covered":76,"skipped":0,"pct":95},"functions":{"total":4,"covered":4,"skipped":0,"pct":100},"statements":{"total":80,"covered":76,"skipped":0,"pct":95},"branches":{"total":15,"covered":13,"skipped":0,"pct":86.66}}
}
